-------------------------------------------------------------------------------
Test set: com.example.demo.DemoApplicationTests
-------------------------------------------------------------------------------
Tests run: 1, Failures: 0, Errors: 1, Skipped: 0, Time elapsed: 4.173 s <<< FAILURE! - in com.example.demo.DemoApplicationTests
contextLoads  Time elapsed: 0.005 s  <<< ERROR!
java.lang.IllegalStateException: Failed to load ApplicationContext
Caused by: org.springframework.beans.factory.BeanCreationException: Error creating bean with name 'entityManagerFactory' defined in class path resource [org/springframework/boot/autoconfigure/orm/jpa/HibernateJpaConfiguration.class]: Invocation of init method failed; nested exception is org.hibernate.DuplicateMappingException: The [com.example.demo.model.AuthenticationToken] and [com.example.demo.repository.model.AuthenticationToken] entities share the same JPA entity name: [AuthenticationToken] which is not allowed!
Caused by: org.hibernate.DuplicateMappingException: The [com.example.demo.model.AuthenticationToken] and [com.example.demo.repository.model.AuthenticationToken] entities share the same JPA entity name: [AuthenticationToken] which is not allowed!

